<?xml version="1.0" encoding="UTF-8"?>
<!-- Generated by org.testng.reporters.JUnitXMLReporter -->
<testsuite ignored="0" hostname="DESKTOP-FIMAR15" failures="0" tests="7" name="Default test" time="32.805" errors="0" timestamp="2024-08-29T12:19:42 IST">
  <testcase classname="testNG_Prac.Automation_task1" name="VerifyLogin" time="5.466"/>
  <testcase classname="testNG_Prac.Automation_task1" name="VerifyLogin" time="3.786"/>
  <testcase classname="testNG_Prac.Automation_task1" name="VerifyLogin" time="3.825"/>
  <testcase classname="testNG_Prac.Automation_task1" name="VerifyLogin" time="8.695"/>
  <testcase classname="testNG_Prac.Automation_task1" name="VerifyLogin" time="3.669"/>
  <testcase classname="testNG_Prac.Automation_task1" name="VerifyLogin" time="3.674"/>
  <testcase classname="testNG_Prac.Automation_task1" name="VerifyLogin" time="3.605"/>
</testsuite> <!-- Default test -->
