<?xml version="1.0" encoding="UTF-8"?>
<testng-results ignored="0" total="7" passed="7" failed="0" skipped="0">
  <reporter-output>
  </reporter-output>
  <suite started-at="2024-08-29T12:19:09 IST" name="Default suite" finished-at="2024-08-29T12:19:41 IST" duration-ms="32805">
    <groups>
    </groups>
    <test started-at="2024-08-29T12:19:09 IST" name="Default test" finished-at="2024-08-29T12:19:41 IST" duration-ms="32805">
      <class name="testNG_Prac.Automation_task1">
        <test-method signature="VerifyLogin(java.lang.String,java.lang.String)[pri:0, instance:testNG_Prac.Automation_task1@2dde1bff]" started-at="2024-08-29T12:19:09 IST" name="VerifyLogin" data-provider="loginData" finished-at="2024-08-29T12:19:14 IST" duration-ms="5466" status="PASS">
          <params>
            <param index="0">
              <value>
                <![CDATA[standard_user]]>
              </value>
            </param>
            <param index="1">
              <value>
                <![CDATA[secret_sauce]]>
              </value>
            </param>
          </params>
          <reporter-output>
          </reporter-output>
        </test-method> <!-- VerifyLogin -->
        <test-method signature="VerifyLogin(java.lang.String,java.lang.String)[pri:0, instance:testNG_Prac.Automation_task1@2dde1bff]" started-at="2024-08-29T12:19:14 IST" name="VerifyLogin" data-provider="loginData" finished-at="2024-08-29T12:19:18 IST" duration-ms="3786" status="PASS">
          <params>
            <param index="0">
              <value>
                <![CDATA[locked_out_user]]>
              </value>
            </param>
            <param index="1">
              <value>
                <![CDATA[secret_sauce]]>
              </value>
            </param>
          </params>
          <reporter-output>
          </reporter-output>
        </test-method> <!-- VerifyLogin -->
        <test-method signature="VerifyLogin(java.lang.String,java.lang.String)[pri:0, instance:testNG_Prac.Automation_task1@2dde1bff]" started-at="2024-08-29T12:19:18 IST" name="VerifyLogin" data-provider="loginData" finished-at="2024-08-29T12:19:22 IST" duration-ms="3825" status="PASS">
          <params>
            <param index="0">
              <value>
                <![CDATA[problem_user]]>
              </value>
            </param>
            <param index="1">
              <value>
                <![CDATA[secret_sauce]]>
              </value>
            </param>
          </params>
          <reporter-output>
          </reporter-output>
        </test-method> <!-- VerifyLogin -->
        <test-method signature="VerifyLogin(java.lang.String,java.lang.String)[pri:0, instance:testNG_Prac.Automation_task1@2dde1bff]" started-at="2024-08-29T12:19:22 IST" name="VerifyLogin" data-provider="loginData" finished-at="2024-08-29T12:19:31 IST" duration-ms="8695" status="PASS">
          <params>
            <param index="0">
              <value>
                <![CDATA[performance_glitch_user]]>
              </value>
            </param>
            <param index="1">
              <value>
                <![CDATA[secret_sauce]]>
              </value>
            </param>
          </params>
          <reporter-output>
          </reporter-output>
        </test-method> <!-- VerifyLogin -->
        <test-method signature="VerifyLogin(java.lang.String,java.lang.String)[pri:0, instance:testNG_Prac.Automation_task1@2dde1bff]" started-at="2024-08-29T12:19:31 IST" name="VerifyLogin" data-provider="loginData" finished-at="2024-08-29T12:19:34 IST" duration-ms="3669" status="PASS">
          <params>
            <param index="0">
              <value>
                <![CDATA[error_user]]>
              </value>
            </param>
            <param index="1">
              <value>
                <![CDATA[secret_sauce]]>
              </value>
            </param>
          </params>
          <reporter-output>
          </reporter-output>
        </test-method> <!-- VerifyLogin -->
        <test-method signature="VerifyLogin(java.lang.String,java.lang.String)[pri:0, instance:testNG_Prac.Automation_task1@2dde1bff]" started-at="2024-08-29T12:19:34 IST" name="VerifyLogin" data-provider="loginData" finished-at="2024-08-29T12:19:38 IST" duration-ms="3674" status="PASS">
          <params>
            <param index="0">
              <value>
                <![CDATA[visual_user]]>
              </value>
            </param>
            <param index="1">
              <value>
                <![CDATA[secret_sauce]]>
              </value>
            </param>
          </params>
          <reporter-output>
          </reporter-output>
        </test-method> <!-- VerifyLogin -->
        <test-method signature="VerifyLogin(java.lang.String,java.lang.String)[pri:0, instance:testNG_Prac.Automation_task1@2dde1bff]" started-at="2024-08-29T12:19:38 IST" name="VerifyLogin" data-provider="loginData" finished-at="2024-08-29T12:19:41 IST" duration-ms="3605" status="PASS">
          <params>
            <param index="0">
              <value>
                <![CDATA[  ]]>
              </value>
            </param>
            <param index="1">
              <value>
                <![CDATA[secret_sauce]]>
              </value>
            </param>
          </params>
          <reporter-output>
          </reporter-output>
        </test-method> <!-- VerifyLogin -->
      </class> <!-- testNG_Prac.Automation_task1 -->
    </test> <!-- Default test -->
  </suite> <!-- Default suite -->
</testng-results>
